build/app/intermediates/manifest_merge_blame_file/debug/manifest-merger-blame-debug-report.txt
1<?xml version="1.0" encoding="utf-8"?>
2<manifest xmlns:android="http://schemas.android.com/apk/res/android"
3    package="com.example.image_text_converter"
4    android:versionCode="1"
5    android:versionName="1.0.0" >
6
7    <uses-sdk
8        android:minSdkVersion="16"
9        android:targetSdkVersion="30" />
10    <!--
11         Flutter needs it to communicate with the running application
12         to allow setting breakpoints, to provide hot reload, etc.
13    -->
14    <uses-permission android:name="android.permission.INTERNET" />
14-->src\debug\AndroidManifest.xml:6:5-66
14-->src\debug\AndroidManifest.xml:6:22-64
15    <uses-permission android:name="android.permission.READ_EXTERNAL_STORAGE" />
15-->[:image_picker] AndroidManifest.xml:7:5-80
15-->[:image_picker] AndroidManifest.xml:7:22-77
16    <uses-permission android:name="android.permission.WRITE_EXTERNAL_STORAGE" />
16-->[:image_picker] AndroidManifest.xml:8:5-81
16-->[:image_picker] AndroidManifest.xml:8:22-78
17    <uses-permission android:name="android.permission.ACCESS_NETWORK_STATE" />
17-->[com.google.firebase:firebase-iid:18.0.0] AndroidManifest.xml:22:5-79
17-->[com.google.firebase:firebase-iid:18.0.0] AndroidManifest.xml:22:22-76
18    <uses-permission android:name="android.permission.WAKE_LOCK" /> <!-- Required by older versions of Google Play services to create IID tokens -->
18-->[com.google.firebase:firebase-iid:18.0.0] AndroidManifest.xml:24:5-68
18-->[com.google.firebase:firebase-iid:18.0.0] AndroidManifest.xml:24:22-65
19    <uses-permission android:name="com.google.android.c2dm.permission.RECEIVE" />
19-->[com.google.firebase:firebase-iid:18.0.0] AndroidManifest.xml:26:5-82
19-->[com.google.firebase:firebase-iid:18.0.0] AndroidManifest.xml:26:22-79
20
21    <application
21-->src\main\AndroidManifest.xml:3:4-43:19
22        android:appComponentFactory="androidx.core.app.CoreComponentFactory"
22-->[androidx.core:core:1.1.0] AndroidManifest.xml:24:18-86
23        android:debuggable="true"
24        android:icon="@mipmap/launcher_icon"
24-->src\main\AndroidManifest.xml:5:9-45
25        android:label="image_text_converter" >
25-->src\main\AndroidManifest.xml:4:9-45
26        <activity
26-->src\main\AndroidManifest.xml:6:9-34:20
27            android:name="com.example.image_text_converter.MainActivity"
27-->src\main\AndroidManifest.xml:7:13-41
28            android:configChanges="orientation|keyboardHidden|keyboard|screenSize|smallestScreenSize|locale|layoutDirection|fontScale|screenLayout|density|uiMode"
28-->src\main\AndroidManifest.xml:10:13-163
29            android:hardwareAccelerated="true"
29-->src\main\AndroidManifest.xml:11:13-47
30            android:launchMode="singleTop"
30-->src\main\AndroidManifest.xml:8:13-43
31            android:theme="@style/LaunchTheme"
31-->src\main\AndroidManifest.xml:9:13-47
32            android:windowSoftInputMode="adjustResize" >
32-->src\main\AndroidManifest.xml:12:13-55
33
34            <!--
35                 Specifies an Android theme to apply to this Activity as soon as
36                 the Android process has started. This theme is visible to the user
37                 while the Flutter UI initializes. After that, this theme continues
38                 to determine the Window background behind the Flutter UI.
39            -->
40            <meta-data
40-->src\main\AndroidManifest.xml:17:13-20:17
41                android:name="io.flutter.embedding.android.NormalTheme"
41-->src\main\AndroidManifest.xml:18:15-70
42                android:resource="@style/NormalTheme" />
42-->src\main\AndroidManifest.xml:19:15-52
43            <!--
44                 Displays an Android View that continues showing the launch screen
45                 Drawable until Flutter paints its first frame, then this splash
46                 screen fades out. A splash screen is useful to avoid any visual
47                 gap between the end of Android's launch screen and the painting of
48                 Flutter's first frame.
49            -->
50            <meta-data
50-->src\main\AndroidManifest.xml:26:13-29:17
51                android:name="io.flutter.embedding.android.SplashScreenDrawable"
51-->src\main\AndroidManifest.xml:27:15-79
52                android:resource="@drawable/launch_background" />
52-->src\main\AndroidManifest.xml:28:15-61
53
54            <intent-filter>
54-->src\main\AndroidManifest.xml:30:13-33:29
55                <action android:name="android.intent.action.MAIN" />
55-->src\main\AndroidManifest.xml:31:17-68
55-->src\main\AndroidManifest.xml:31:25-66
56
57                <category android:name="android.intent.category.LAUNCHER" />
57-->src\main\AndroidManifest.xml:32:17-76
57-->src\main\AndroidManifest.xml:32:27-74
58            </intent-filter>
59        </activity>
60        <!--
61             Don't delete the meta-data below.
62             This is used by the Flutter tool to generate GeneratedPluginRegistrant.java
63        -->
64        <meta-data
64-->src\main\AndroidManifest.xml:37:9-39:33
65            android:name="flutterEmbedding"
65-->src\main\AndroidManifest.xml:38:13-44
66            android:value="2" />
66-->src\main\AndroidManifest.xml:39:13-30
67        <meta-data
67-->src\main\AndroidManifest.xml:40:9-42:27
68            android:name="com.google.firebase.ml.vision.DEPENDENCIES"
68-->src\main\AndroidManifest.xml:41:5-62
69            android:value="ocr" />
69-->src\main\AndroidManifest.xml:42:5-24
70
71        <service
71-->[:firebase_ml_vision] AndroidManifest.xml:8:9-12:19
72            android:name="com.google.firebase.components.ComponentDiscoveryService"
72-->[:firebase_ml_vision] AndroidManifest.xml:8:18-89
73            android:exported="false" >
73-->[com.google.firebase:firebase-iid:18.0.0] AndroidManifest.xml:31:13-37
74            <meta-data
74-->[:firebase_ml_vision] AndroidManifest.xml:9:13-11:85
75                android:name="com.google.firebase.components:io.flutter.plugins.firebasemlvision.FlutterFirebaseAppRegistrar"
75-->[:firebase_ml_vision] AndroidManifest.xml:10:17-126
76                android:value="com.google.firebase.components.ComponentRegistrar" />
76-->[:firebase_ml_vision] AndroidManifest.xml:11:17-82
77            <meta-data
77-->[com.google.firebase:firebase-iid:18.0.0] AndroidManifest.xml:32:13-34:85
78                android:name="com.google.firebase.components:com.google.firebase.iid.Registrar"
78-->[com.google.firebase:firebase-iid:18.0.0] AndroidManifest.xml:33:17-96
79                android:value="com.google.firebase.components.ComponentRegistrar" />
79-->[com.google.firebase:firebase-iid:18.0.0] AndroidManifest.xml:34:17-82
80        </service>
81
82        <provider
82-->[:image_picker] AndroidManifest.xml:11:9-19:20
83            android:name="io.flutter.plugins.imagepicker.ImagePickerFileProvider"
83-->[:image_picker] AndroidManifest.xml:12:13-82
84            android:authorities="com.example.image_text_converter.flutter.image_provider"
84-->[:image_picker] AndroidManifest.xml:13:13-74
85            android:exported="false"
85-->[:image_picker] AndroidManifest.xml:14:13-37
86            android:grantUriPermissions="true" >
86-->[:image_picker] AndroidManifest.xml:15:13-47
87            <meta-data
87-->[:image_picker] AndroidManifest.xml:16:13-18:75
88                android:name="android.support.FILE_PROVIDER_PATHS"
88-->[:image_picker] AndroidManifest.xml:17:17-67
89                android:resource="@xml/flutter_image_picker_file_paths" />
89-->[:image_picker] AndroidManifest.xml:18:17-72
90        </provider>
91
92        <receiver
92-->[com.google.firebase:firebase-iid:18.0.0] AndroidManifest.xml:37:9-44:20
93            android:name="com.google.firebase.iid.FirebaseInstanceIdReceiver"
93-->[com.google.firebase:firebase-iid:18.0.0] AndroidManifest.xml:38:13-78
94            android:exported="true"
94-->[com.google.firebase:firebase-iid:18.0.0] AndroidManifest.xml:39:13-36
95            android:permission="com.google.android.c2dm.permission.SEND" >
95-->[com.google.firebase:firebase-iid:18.0.0] AndroidManifest.xml:40:13-73
96            <intent-filter>
96-->[com.google.firebase:firebase-iid:18.0.0] AndroidManifest.xml:41:13-43:29
97                <action android:name="com.google.android.c2dm.intent.RECEIVE" />
97-->[com.google.firebase:firebase-iid:18.0.0] AndroidManifest.xml:42:17-81
97-->[com.google.firebase:firebase-iid:18.0.0] AndroidManifest.xml:42:25-78
98            </intent-filter>
99        </receiver>
100
101        <provider
101-->[com.google.firebase:firebase-common:17.0.0] AndroidManifest.xml:12:9-16:39
102            android:name="com.google.firebase.provider.FirebaseInitProvider"
102-->[com.google.firebase:firebase-common:17.0.0] AndroidManifest.xml:13:13-77
103            android:authorities="com.example.image_text_converter.firebaseinitprovider"
103-->[com.google.firebase:firebase-common:17.0.0] AndroidManifest.xml:14:13-72
104            android:exported="false"
104-->[com.google.firebase:firebase-common:17.0.0] AndroidManifest.xml:15:13-37
105            android:initOrder="100" />
105-->[com.google.firebase:firebase-common:17.0.0] AndroidManifest.xml:16:13-36
106
107        <activity
107-->[com.google.android.gms:play-services-base:16.0.1] AndroidManifest.xml:23:9-26:75
108            android:name="com.google.android.gms.common.api.GoogleApiActivity"
108-->[com.google.android.gms:play-services-base:16.0.1] AndroidManifest.xml:24:13-79
109            android:exported="false"
109-->[com.google.android.gms:play-services-base:16.0.1] AndroidManifest.xml:25:13-37
110            android:theme="@android:style/Theme.Translucent.NoTitleBar" />
110-->[com.google.android.gms:play-services-base:16.0.1] AndroidManifest.xml:26:13-72
111
112        <meta-data
112-->[com.google.android.gms:play-services-basement:16.1.0] AndroidManifest.xml:23:9-25:69
113            android:name="com.google.android.gms.version"
113-->[com.google.android.gms:play-services-basement:16.1.0] AndroidManifest.xml:24:13-58
114            android:value="@integer/google_play_services_version" />
114-->[com.google.android.gms:play-services-basement:16.1.0] AndroidManifest.xml:25:13-66
115    </application>
116
117</manifest>